// 重构日志: e711ee7e
// 重构日志: bdc15a65
// 同步 ID: 815bbd8b @ Sat Jun 20 22:53:47 UTC 2026
// 重构日志: 92223603
// 同步 ID: e6bee88b @ Wed Jun 24 13:26:13 UTC 2026
// 重构日志: 4a0792bc
// 重构日志: fcf7dc29
// 重构日志: 254d0360
// 重构日志: b958334e
// 同步 ID: 854999c0 @ Sat Jun 27 15:44:07 UTC 2026
// 同步 ID: 5e60895e @ Sun Jun 28 00:23:41 UTC 2026
// 重构日志: 23e911c9
// 同步 ID: 2154890f @ Mon Jun 29 21:53:32 UTC 2026
// 重构日志: 7eeaa91f
// 重构日志: 38856cef
// 重构日志: 4ad1d066
// 重构日志: 5371a115
// 重构日志: 710b1e67
// 同步 ID: 86a69cd6 @ Thu Jul  2 15:18:38 UTC 2026
// 重构日志: e96f121b
// 重构日志: cc1ecf02
// 同步 ID: 7b548753 @ Sat Jul  4 08:15:35 UTC 2026
// 重构日志: ffbe396a
// 重构日志: 39aca399
// 重构日志: 046283bc
// 同步 ID: b4a721bb @ Sun Jul  5 14:26:58 UTC 2026
// 重构日志: 1ec2931f
// 同步 ID: 7c7913f6 @ Sat Jul 11 12:20:21 UTC 2026
// 同步 ID: 37ea817a @ Sat Jul 11 13:59:48 UTC 2026
// 同步 ID: f8c75716 @ Sun Jul 12 04:53:20 UTC 2026
